<?xml version="1.0" encoding="UTF-8"?>
<!-- Generated by org.testng.reporters.JUnitXMLReporter -->
<testsuite ignored="0" hostname="Ahmeds-PC.local" failures="0" tests="5" name=" End to End Test " time="170.529" errors="0" timestamp="2022-10-16T18:08:28 EET">
  <testcase classname="com.AmazonApp.testcases.LoginPageTest" name="LoginTest" time="5.029"/>
  <testcase classname="com.AmazonApp.testcases.TodayDealsTest" name="TodayDeals" time="45.663"/>
  <testcase classname="com.AmazonApp.testcases.AccountLists" name="SigninAccountO" time="7.004"/>
  <testcase classname="com.AmazonApp.testcases.AccountLists" name="SigninAccountA" time="5.943"/>
  <testcase classname="com.AmazonApp.testcases.AccountLists" name="SigninAccountL" time="6.043"/>
</testsuite> <!--  End to End Test  -->
