<?xml version="1.0" encoding="UTF-8"?>
<!-- Generated by org.testng.reporters.JUnitXMLReporter -->
<testsuite ignored="0" hostname="Ahmeds-PC.local" failures="0" tests="5" name=" End to End Test " time="151.164" errors="0" timestamp="2022-10-11T13:21:59 EET">
  <testcase classname="com.AmazonApp.testcases.LoginPageTest" name="LoginTest" time="5.63"/>
  <testcase classname="com.AmazonApp.testcases.TodayDealsTest" name="TodayDeals" time="41.741"/>
  <testcase classname="com.AmazonApp.testcases.AccountLists" name="SigninAccountO" time="8.65"/>
  <testcase classname="com.AmazonApp.testcases.AccountLists" name="SigninAccountA" time="7.24"/>
  <testcase classname="com.AmazonApp.testcases.AccountLists" name="SigninAccountL" time="4.332"/>
</testsuite> <!--  End to End Test  -->
