<?xml version="1.0" encoding="UTF-8"?>
<testng-results ignored="0" total="5" passed="5" failed="0" skipped="0">
  <reporter-output>
  </reporter-output>
  <suite started-at="2022-10-16T18:05:32 EET" name="Amazon App Project " finished-at="2022-10-16T18:08:23 EET" duration-ms="170529">
    <groups>
    </groups>
    <test started-at="2022-10-16T18:05:32 EET" name=" End to End Test " finished-at="2022-10-16T18:08:23 EET" duration-ms="170529">
      <class name="com.AmazonApp.testcases.AccountLists">
        <test-method is-config="true" signature="setUp(java.lang.reflect.Method)[pri:0, instance:com.AmazonApp.testcases.AccountLists@56a6d5a6]" started-at="2022-10-16T18:07:22 EET" name="setUp" finished-at="2022-10-16T18:07:36 EET" duration-ms="14005" status="PASS">
          <params>
            <param index="0">
              <value>
                <![CDATA[public void com.AmazonApp.testcases.AccountLists.SigninAccountO(java.lang.reflect.Method)]]>
              </value>
            </param>
          </params>
          <reporter-output>
          </reporter-output>
        </test-method> <!-- setUp -->
        <test-method signature="SigninAccountO(java.lang.reflect.Method)[pri:3, instance:com.AmazonApp.testcases.AccountLists@56a6d5a6]" started-at="2022-10-16T18:07:36 EET" name="SigninAccountO" finished-at="2022-10-16T18:07:43 EET" duration-ms="7004" status="PASS">
          <params>
            <param index="0">
              <value>
                <![CDATA[public void com.AmazonApp.testcases.AccountLists.SigninAccountO(java.lang.reflect.Method)]]>
              </value>
            </param>
          </params>
          <reporter-output>
          </reporter-output>
        </test-method> <!-- SigninAccountO -->
        <test-method is-config="true" signature="ShitDown(java.lang.reflect.Method)[pri:0, instance:com.AmazonApp.testcases.AccountLists@56a6d5a6]" started-at="2022-10-16T18:07:43 EET" name="ShitDown" finished-at="2022-10-16T18:07:44 EET" duration-ms="373" status="PASS">
          <params>
            <param index="0">
              <value>
                <![CDATA[public void com.AmazonApp.testcases.AccountLists.SigninAccountO(java.lang.reflect.Method)]]>
              </value>
            </param>
          </params>
          <reporter-output>
          </reporter-output>
        </test-method> <!-- ShitDown -->
        <test-method is-config="true" signature="setUp(java.lang.reflect.Method)[pri:0, instance:com.AmazonApp.testcases.AccountLists@56a6d5a6]" started-at="2022-10-16T18:07:44 EET" name="setUp" finished-at="2022-10-16T18:07:56 EET" duration-ms="12195" status="PASS">
          <params>
            <param index="0">
              <value>
                <![CDATA[public void com.AmazonApp.testcases.AccountLists.SigninAccountA(java.lang.reflect.Method)]]>
              </value>
            </param>
          </params>
          <reporter-output>
          </reporter-output>
        </test-method> <!-- setUp -->
        <test-method signature="SigninAccountA(java.lang.reflect.Method)[pri:4, instance:com.AmazonApp.testcases.AccountLists@56a6d5a6]" started-at="2022-10-16T18:07:56 EET" name="SigninAccountA" finished-at="2022-10-16T18:08:02 EET" duration-ms="5943" status="PASS">
          <params>
            <param index="0">
              <value>
                <![CDATA[public void com.AmazonApp.testcases.AccountLists.SigninAccountA(java.lang.reflect.Method)]]>
              </value>
            </param>
          </params>
          <reporter-output>
          </reporter-output>
        </test-method> <!-- SigninAccountA -->
        <test-method is-config="true" signature="ShitDown(java.lang.reflect.Method)[pri:0, instance:com.AmazonApp.testcases.AccountLists@56a6d5a6]" started-at="2022-10-16T18:08:02 EET" name="ShitDown" finished-at="2022-10-16T18:08:02 EET" duration-ms="378" status="PASS">
          <params>
            <param index="0">
              <value>
                <![CDATA[public void com.AmazonApp.testcases.AccountLists.SigninAccountA(java.lang.reflect.Method)]]>
              </value>
            </param>
          </params>
          <reporter-output>
          </reporter-output>
        </test-method> <!-- ShitDown -->
        <test-method is-config="true" signature="setUp(java.lang.reflect.Method)[pri:0, instance:com.AmazonApp.testcases.AccountLists@56a6d5a6]" started-at="2022-10-16T18:08:02 EET" name="setUp" finished-at="2022-10-16T18:08:16 EET" duration-ms="13672" status="PASS">
          <params>
            <param index="0">
              <value>
                <![CDATA[public void com.AmazonApp.testcases.AccountLists.SigninAccountL(java.lang.reflect.Method)]]>
              </value>
            </param>
          </params>
          <reporter-output>
          </reporter-output>
        </test-method> <!-- setUp -->
        <test-method signature="SigninAccountL(java.lang.reflect.Method)[pri:5, instance:com.AmazonApp.testcases.AccountLists@56a6d5a6]" started-at="2022-10-16T18:08:16 EET" name="SigninAccountL" finished-at="2022-10-16T18:08:22 EET" duration-ms="6043" status="PASS">
          <params>
            <param index="0">
              <value>
                <![CDATA[public void com.AmazonApp.testcases.AccountLists.SigninAccountL(java.lang.reflect.Method)]]>
              </value>
            </param>
          </params>
          <reporter-output>
          </reporter-output>
        </test-method> <!-- SigninAccountL -->
        <test-method is-config="true" signature="ShitDown(java.lang.reflect.Method)[pri:0, instance:com.AmazonApp.testcases.AccountLists@56a6d5a6]" started-at="2022-10-16T18:08:22 EET" name="ShitDown" finished-at="2022-10-16T18:08:23 EET" duration-ms="991" status="PASS">
          <params>
            <param index="0">
              <value>
                <![CDATA[public void com.AmazonApp.testcases.AccountLists.SigninAccountL(java.lang.reflect.Method)]]>
              </value>
            </param>
          </params>
          <reporter-output>
          </reporter-output>
        </test-method> <!-- ShitDown -->
      </class> <!-- com.AmazonApp.testcases.AccountLists -->
      <class name="com.AmazonApp.testcases.LoginPageTest">
        <test-method is-config="true" signature="setUp(java.lang.reflect.Method)[pri:0, instance:com.AmazonApp.testcases.LoginPageTest@43ee72e6]" started-at="2022-10-16T18:05:32 EET" name="setUp" finished-at="2022-10-16T18:06:18 EET" duration-ms="45291" status="PASS">
          <params>
            <param index="0">
              <value>
                <![CDATA[public void com.AmazonApp.testcases.LoginPageTest.LoginTest(java.lang.reflect.Method) throws java.io.IOException]]>
              </value>
            </param>
          </params>
          <reporter-output>
          </reporter-output>
        </test-method> <!-- setUp -->
        <test-method signature="LoginTest(java.lang.reflect.Method)[pri:1, instance:com.AmazonApp.testcases.LoginPageTest@43ee72e6]" started-at="2022-10-16T18:06:18 EET" name="LoginTest" finished-at="2022-10-16T18:06:23 EET" duration-ms="5029" status="PASS">
          <params>
            <param index="0">
              <value>
                <![CDATA[public void com.AmazonApp.testcases.LoginPageTest.LoginTest(java.lang.reflect.Method) throws java.io.IOException]]>
              </value>
            </param>
          </params>
          <reporter-output>
          </reporter-output>
        </test-method> <!-- LoginTest -->
        <test-method is-config="true" signature="ShitDown(java.lang.reflect.Method)[pri:0, instance:com.AmazonApp.testcases.LoginPageTest@43ee72e6]" started-at="2022-10-16T18:06:23 EET" name="ShitDown" finished-at="2022-10-16T18:06:23 EET" duration-ms="401" status="PASS">
          <params>
            <param index="0">
              <value>
                <![CDATA[public void com.AmazonApp.testcases.LoginPageTest.LoginTest(java.lang.reflect.Method) throws java.io.IOException]]>
              </value>
            </param>
          </params>
          <reporter-output>
          </reporter-output>
        </test-method> <!-- ShitDown -->
      </class> <!-- com.AmazonApp.testcases.LoginPageTest -->
      <class name="com.AmazonApp.testcases.TodayDealsTest">
        <test-method is-config="true" signature="setUp(java.lang.reflect.Method)[pri:0, instance:com.AmazonApp.testcases.TodayDealsTest@309e345f]" started-at="2022-10-16T18:06:23 EET" name="setUp" finished-at="2022-10-16T18:06:36 EET" duration-ms="12485" status="PASS">
          <params>
            <param index="0">
              <value>
                <![CDATA[public void com.AmazonApp.testcases.TodayDealsTest.TodayDeals(java.lang.reflect.Method) throws java.lang.InterruptedException]]>
              </value>
            </param>
          </params>
          <reporter-output>
          </reporter-output>
        </test-method> <!-- setUp -->
        <test-method signature="TodayDeals(java.lang.reflect.Method)[pri:2, instance:com.AmazonApp.testcases.TodayDealsTest@309e345f]" started-at="2022-10-16T18:06:36 EET" name="TodayDeals" finished-at="2022-10-16T18:07:21 EET" duration-ms="45663" status="PASS">
          <params>
            <param index="0">
              <value>
                <![CDATA[public void com.AmazonApp.testcases.TodayDealsTest.TodayDeals(java.lang.reflect.Method) throws java.lang.InterruptedException]]>
              </value>
            </param>
          </params>
          <reporter-output>
          </reporter-output>
        </test-method> <!-- TodayDeals -->
        <test-method is-config="true" signature="ShitDown(java.lang.reflect.Method)[pri:0, instance:com.AmazonApp.testcases.TodayDealsTest@309e345f]" started-at="2022-10-16T18:07:21 EET" name="ShitDown" finished-at="2022-10-16T18:07:22 EET" duration-ms="972" status="PASS">
          <params>
            <param index="0">
              <value>
                <![CDATA[public void com.AmazonApp.testcases.TodayDealsTest.TodayDeals(java.lang.reflect.Method) throws java.lang.InterruptedException]]>
              </value>
            </param>
          </params>
          <reporter-output>
          </reporter-output>
        </test-method> <!-- ShitDown -->
      </class> <!-- com.AmazonApp.testcases.TodayDealsTest -->
    </test> <!--  End to End Test  -->
  </suite> <!-- Amazon App Project  -->
</testng-results>
